[22Jun2025 00:00:05.873] [Server thread/INFO] [net.minecraft.server.MinecraftServer/]: [nazcke: Teleported nazcke to ShallanDav4r]
[22Jun2025 00:00:18.074] [Server thread/INFO] [net.minecraft.server.network.ServerGamePacketListenerImpl/]: nazcke lost connection: Disconnected
[22Jun2025 00:00:18.078] [Server thread/INFO] [net.minecraft.server.MinecraftServer/]: nazcke left the game
[22Jun2025 00:00:18.081] [Server thread/INFO] [voicechat/]: [voicechat] Disconnecting client nazcke
[22Jun2025 00:01:16.979] [Server thread/INFO] [net.minecraft.server.players.PlayerList/]: nazcke[/100.120.254.38:58768] logged in with entity id 24865 at (2021.6823893159499, 61.49380753924453, -730.0162253102079)
[22Jun2025 00:01:16.991] [Server thread/INFO] [net.minecraft.server.MinecraftServer/]: nazcke joined the game
[22Jun2025 00:01:17.201] [Server thread/INFO] [ping-wheel/]: Channel update: nazcke -> default
[22Jun2025 00:01:17.202] [Server thread/INFO] [voicechat/]: [voicechat] Received secret request of nazcke (18)
[22Jun2025 00:01:17.202] [Server thread/INFO] [voicechat/]: [voicechat] Sent secret to nazcke
[22Jun2025 00:01:17.425] [VoiceChatPacketProcessingThread/INFO] [voicechat/]: [voicechat] Successfully authenticated player b2e87569-e9d8-3dfa-9b6f-494f26717468
[22Jun2025 00:01:18.413] [VoiceChatPacketProcessingThread/INFO] [voicechat/]: [voicechat] Successfully validated connection of player b2e87569-e9d8-3dfa-9b6f-494f26717468
[22Jun2025 00:01:18.414] [VoiceChatPacketProcessingThread/INFO] [voicechat/]: [voicechat] Player nazcke (b2e87569-e9d8-3dfa-9b6f-494f26717468) successfully connected to voice chat
[22Jun2025 00:01:26.901] [Server thread/INFO] [net.minecraft.server.MinecraftServer/]: nazcke has made the advancement [Isn't It Iron Pick]
[22Jun2025 00:03:25.498] [Server thread/INFO] [net.minecraft.server.MinecraftServer/]: [ShallanDav4r: Teleported ShallanDav4r to WooZiMu_]
[22Jun2025 00:05:05.657] [Server thread/INFO] [net.minecraft.server.MinecraftServer/]: [nazcke: Gave 1 [Iron Chestplate] to nazcke]
[22Jun2025 00:05:33.077] [Server thread/INFO] [net.minecraft.server.MinecraftServer/]: [nazcke: Gave 1 [Iron Boots] to nazcke]
[22Jun2025 00:06:05.488] [Server thread/INFO] [net.minecraft.server.MinecraftServer/]: [Not Secure] <WooZiMu_> la wea gei
[22Jun2025 00:06:21.655] [Server thread/INFO] [net.minecraft.server.MinecraftServer/]: [Not Secure] <nazcke> marikon kl perdi la mitad de las cosas *susurra*
[22Jun2025 00:07:32.747] [Server thread/INFO] [net.minecraft.server.MinecraftServer/]: [nazcke: Gave 64 [Coal] to nazcke]
[22Jun2025 00:07:48.219] [Server thread/INFO] [net.minecraft.server.MinecraftServer/]: [nazcke: Teleported nazcke to WooZiMu_]
[22Jun2025 00:07:52.755] [Server thread/INFO] [net.minecraft.server.MinecraftServer/]: [nazcke: Teleported nazcke to WooZiMu_]
[22Jun2025 00:07:54.087] [Server thread/INFO] [net.minecraft.server.MinecraftServer/]: [nazcke: Teleported nazcke to WooZiMu_]
[22Jun2025 00:07:54.967] [Server thread/INFO] [net.minecraft.server.MinecraftServer/]: [nazcke: Teleported nazcke to WooZiMu_]
[22Jun2025 00:07:56.053] [Server thread/INFO] [net.minecraft.server.MinecraftServer/]: [nazcke: Teleported nazcke to WooZiMu_]
[22Jun2025 00:07:57.057] [Server thread/INFO] [net.minecraft.server.MinecraftServer/]: [nazcke: Teleported nazcke to WooZiMu_]
[22Jun2025 00:07:57.848] [Server thread/INFO] [net.minecraft.server.MinecraftServer/]: [nazcke: Teleported nazcke to WooZiMu_]
[22Jun2025 00:07:58.535] [Server thread/INFO] [net.minecraft.server.MinecraftServer/]: [nazcke: Teleported nazcke to WooZiMu_]
[22Jun2025 00:07:59.323] [Server thread/INFO] [net.minecraft.server.MinecraftServer/]: [nazcke: Teleported nazcke to WooZiMu_]
[22Jun2025 00:08:00.283] [Server thread/INFO] [net.minecraft.server.MinecraftServer/]: [nazcke: Teleported nazcke to WooZiMu_]
[22Jun2025 00:08:01.092] [Server thread/INFO] [net.minecraft.server.MinecraftServer/]: [nazcke: Teleported nazcke to WooZiMu_]
[22Jun2025 00:08:02.017] [Server thread/INFO] [net.minecraft.server.MinecraftServer/]: [nazcke: Teleported nazcke to WooZiMu_]
[22Jun2025 00:08:04.235] [Server thread/INFO] [net.minecraft.server.MinecraftServer/]: [nazcke: Teleported nazcke to WooZiMu_]
[22Jun2025 00:08:05.455] [Server thread/INFO] [net.minecraft.server.MinecraftServer/]: [nazcke: Teleported nazcke to WooZiMu_]
[22Jun2025 00:08:07.232] [Server thread/INFO] [net.minecraft.server.MinecraftServer/]: [nazcke: Teleported nazcke to WooZiMu_]
[22Jun2025 00:08:09.323] [Server thread/INFO] [net.minecraft.server.MinecraftServer/]: [nazcke: Teleported nazcke to WooZiMu_]
[22Jun2025 00:08:10.382] [Server thread/INFO] [net.minecraft.server.MinecraftServer/]: [nazcke: Teleported nazcke to WooZiMu_]
[22Jun2025 00:09:16.783] [Server thread/WARN] [net.minecraft.server.level.ServerPlayerGameMode/]: Mismatch in destroy block pos: BlockPos{x=3188, y=71, z=1314} BlockPos{x=3190, y=69, z=1312}
[22Jun2025 00:09:16.863] [Server thread/WARN] [net.minecraft.server.level.ServerPlayerGameMode/]: Mismatch in destroy block pos: BlockPos{x=3188, y=71, z=1314} BlockPos{x=3190, y=69, z=1312}
[22Jun2025 00:09:16.902] [Server thread/WARN] [net.minecraft.server.level.ServerPlayerGameMode/]: Mismatch in destroy block pos: BlockPos{x=3188, y=71, z=1314} BlockPos{x=3190, y=69, z=1312}
[22Jun2025 00:09:16.945] [Server thread/WARN] [net.minecraft.server.level.ServerPlayerGameMode/]: Mismatch in destroy block pos: BlockPos{x=3188, y=71, z=1314} BlockPos{x=3190, y=69, z=1312}
[22Jun2025 00:09:16.990] [Server thread/WARN] [net.minecraft.server.level.ServerPlayerGameMode/]: Mismatch in destroy block pos: BlockPos{x=3190, y=70, z=1316} BlockPos{x=3190, y=69, z=1312}
[22Jun2025 00:09:17.035] [Server thread/WARN] [net.minecraft.server.level.ServerPlayerGameMode/]: Mismatch in destroy block pos: BlockPos{x=3190, y=70, z=1316} BlockPos{x=3190, y=69, z=1312}
[22Jun2025 00:09:17.102] [Server thread/WARN] [net.minecraft.server.level.ServerPlayerGameMode/]: Mismatch in destroy block pos: BlockPos{x=3190, y=70, z=1316} BlockPos{x=3190, y=69, z=1312}
[22Jun2025 00:09:17.146] [Server thread/WARN] [net.minecraft.server.level.ServerPlayerGameMode/]: Mismatch in destroy block pos: BlockPos{x=3190, y=70, z=1316} BlockPos{x=3190, y=69, z=1312}
[22Jun2025 00:09:17.184] [Server thread/WARN] [net.minecraft.server.level.ServerPlayerGameMode/]: Mismatch in destroy block pos: BlockPos{x=3190, y=70, z=1316} BlockPos{x=3190, y=69, z=1312}
[22Jun2025 00:09:17.255] [Server thread/WARN] [net.minecraft.server.level.ServerPlayerGameMode/]: Mismatch in destroy block pos: BlockPos{x=3190, y=70, z=1316} BlockPos{x=3190, y=69, z=1312}
[22Jun2025 00:09:19.439] [Server thread/WARN] [net.minecraft.server.level.ServerPlayerGameMode/]: Mismatch in destroy block pos: BlockPos{x=3145, y=79, z=1303} BlockPos{x=3146, y=77, z=1303}
[22Jun2025 00:09:19.480] [Server thread/WARN] [net.minecraft.server.level.ServerPlayerGameMode/]: Mismatch in destroy block pos: BlockPos{x=3145, y=79, z=1303} BlockPos{x=3146, y=77, z=1303}
[22Jun2025 00:09:19.514] [Server thread/WARN] [net.minecraft.server.level.ServerPlayerGameMode/]: Mismatch in destroy block pos: BlockPos{x=3145, y=79, z=1303} BlockPos{x=3146, y=77, z=1303}
[22Jun2025 00:09:23.333] [Server thread/WARN] [net.minecraft.server.level.ServerPlayerGameMode/]: Mismatch in destroy block pos: BlockPos{x=3211, y=66, z=1318} BlockPos{x=3212, y=65, z=1318}
[22Jun2025 00:09:23.384] [Server thread/WARN] [net.minecraft.server.level.ServerPlayerGameMode/]: Mismatch in destroy block pos: BlockPos{x=3211, y=66, z=1318} BlockPos{x=3212, y=65, z=1318}
[22Jun2025 00:09:23.432] [Server thread/WARN] [net.minecraft.server.level.ServerPlayerGameMode/]: Mismatch in destroy block pos: BlockPos{x=3211, y=66, z=1318} BlockPos{x=3212, y=65, z=1318}
[22Jun2025 00:09:23.482] [Server thread/WARN] [net.minecraft.server.level.ServerPlayerGameMode/]: Mismatch in destroy block pos: BlockPos{x=3211, y=66, z=1318} BlockPos{x=3212, y=65, z=1318}
[22Jun2025 00:09:23.604] [Server thread/WARN] [net.minecraft.server.level.ServerPlayerGameMode/]: Mismatch in destroy block pos: BlockPos{x=3211, y=66, z=1318} BlockPos{x=3212, y=65, z=1318}
[22Jun2025 00:09:23.641] [Server thread/WARN] [net.minecraft.server.level.ServerPlayerGameMode/]: Mismatch in destroy block pos: BlockPos{x=3211, y=66, z=1318} BlockPos{x=3212, y=65, z=1318}
[22Jun2025 00:09:23.705] [Server thread/WARN] [net.minecraft.server.level.ServerPlayerGameMode/]: Mismatch in destroy block pos: BlockPos{x=3211, y=66, z=1318} BlockPos{x=3212, y=65, z=1318}
[22Jun2025 00:09:23.735] [Server thread/WARN] [net.minecraft.server.level.ServerPlayerGameMode/]: Mismatch in destroy block pos: BlockPos{x=3211, y=66, z=1318} BlockPos{x=3212, y=65, z=1318}
[22Jun2025 00:09:23.801] [Server thread/WARN] [net.minecraft.server.level.ServerPlayerGameMode/]: Mismatch in destroy block pos: BlockPos{x=3214, y=66, z=1319} BlockPos{x=3212, y=65, z=1318}
[22Jun2025 00:09:32.975] [Server thread/WARN] [net.minecraft.server.level.ServerPlayerGameMode/]: Mismatch in destroy block pos: BlockPos{x=3190, y=71, z=1281} BlockPos{x=3189, y=70, z=1282}
[22Jun2025 00:09:33.018] [Server thread/WARN] [net.minecraft.server.level.ServerPlayerGameMode/]: Mismatch in destroy block pos: BlockPos{x=3190, y=71, z=1281} BlockPos{x=3189, y=70, z=1282}
[22Jun2025 00:09:33.081] [Server thread/WARN] [net.minecraft.server.level.ServerPlayerGameMode/]: Mismatch in destroy block pos: BlockPos{x=3190, y=71, z=1281} BlockPos{x=3189, y=70, z=1282}
[22Jun2025 00:09:33.125] [Server thread/WARN] [net.minecraft.server.level.ServerPlayerGameMode/]: Mismatch in destroy block pos: BlockPos{x=3190, y=71, z=1281} BlockPos{x=3189, y=70, z=1282}
[22Jun2025 00:09:33.171] [Server thread/WARN] [net.minecraft.server.level.ServerPlayerGameMode/]: Mismatch in destroy block pos: BlockPos{x=3190, y=71, z=1281} BlockPos{x=3189, y=70, z=1282}
[22Jun2025 00:09:41.818] [Server thread/WARN] [net.minecraft.server.level.ServerPlayerGameMode/]: Mismatch in destroy block pos: BlockPos{x=3184, y=74, z=1282} BlockPos{x=3183, y=73, z=1283}
[22Jun2025 00:09:43.925] [Server thread/WARN] [net.minecraft.server.level.ServerPlayerGameMode/]: Mismatch in destroy block pos: BlockPos{x=3181, y=77, z=1283} BlockPos{x=3180, y=76, z=1283}
[22Jun2025 00:09:46.836] [Server thread/WARN] [net.minecraft.server.level.ServerPlayerGameMode/]: Mismatch in destroy block pos: BlockPos{x=3169, y=80, z=1280} BlockPos{x=3167, y=79, z=1280}
[22Jun2025 00:09:46.880] [Server thread/WARN] [net.minecraft.server.level.ServerPlayerGameMode/]: Mismatch in destroy block pos: BlockPos{x=3168, y=80, z=1280} BlockPos{x=3167, y=79, z=1280}
[22Jun2025 00:09:48.122] [Server thread/WARN] [net.minecraft.server.level.ServerPlayerGameMode/]: Mismatch in destroy block pos: BlockPos{x=3167, y=83, z=1277} BlockPos{x=3166, y=83, z=1275}
[22Jun2025 00:09:50.625] [Server thread/WARN] [net.minecraft.server.level.ServerPlayerGameMode/]: Mismatch in destroy block pos: BlockPos{x=3160, y=88, z=1278} BlockPos{x=3159, y=87, z=1277}
[22Jun2025 00:09:50.665] [Server thread/WARN] [net.minecraft.server.level.ServerPlayerGameMode/]: Mismatch in destroy block pos: BlockPos{x=3158, y=88, z=1278} BlockPos{x=3159, y=87, z=1277}
[22Jun2025 00:09:50.726] [Server thread/WARN] [net.minecraft.server.level.ServerPlayerGameMode/]: Mismatch in destroy block pos: BlockPos{x=3158, y=88, z=1278} BlockPos{x=3159, y=87, z=1277}
[22Jun2025 00:10:00.182] [Server thread/WARN] [net.minecraft.server.level.ServerPlayerGameMode/]: Mismatch in destroy block pos: BlockPos{x=3149, y=88, z=1251} BlockPos{x=3148, y=86, z=1250}
[22Jun2025 00:10:00.227] [Server thread/WARN] [net.minecraft.server.level.ServerPlayerGameMode/]: Mismatch in destroy block pos: BlockPos{x=3149, y=88, z=1251} BlockPos{x=3148, y=86, z=1250}
[22Jun2025 00:10:05.320] [Server thread/WARN] [net.minecraft.server.level.ServerPlayerGameMode/]: Mismatch in destroy block pos: BlockPos{x=3143, y=80, z=1240} BlockPos{x=3144, y=79, z=1240}
[22Jun2025 00:10:05.364] [Server thread/WARN] [net.minecraft.server.level.ServerPlayerGameMode/]: Mismatch in destroy block pos: BlockPos{x=3143, y=80, z=1240} BlockPos{x=3144, y=79, z=1240}
[22Jun2025 00:10:59.763] [Server thread/INFO] [net.minecraft.server.network.ServerGamePacketListenerImpl/]: ShallanDav4r lost connection: Disconnected
[22Jun2025 00:10:59.763] [Server thread/INFO] [net.minecraft.server.MinecraftServer/]: ShallanDav4r left the game
[22Jun2025 00:10:59.764] [Server thread/INFO] [voicechat/]: [voicechat] Disconnecting client ShallanDav4r
[22Jun2025 00:14:12.316] [Server thread/INFO] [net.minecraft.server.MinecraftServer/]: [nazcke: Teleported nazcke to WooZiMu_]
[22Jun2025 00:14:59.914] [Server thread/INFO] [net.minecraft.server.network.ServerGamePacketListenerImpl/]: nazcke lost connection: Disconnected
[22Jun2025 00:14:59.914] [Server thread/INFO] [net.minecraft.server.MinecraftServer/]: nazcke left the game
[22Jun2025 00:14:59.915] [Server thread/INFO] [voicechat/]: [voicechat] Disconnecting client nazcke
[22Jun2025 00:15:23.438] [Server thread/INFO] [net.minecraft.server.players.PlayerList/]: nazcke[/100.120.254.38:58822] logged in with entity id 35321 at (2939.7577180495814, 62.110764312744145, 1514.4287548941143)
[22Jun2025 00:15:23.449] [Server thread/INFO] [net.minecraft.server.MinecraftServer/]: nazcke joined the game
[22Jun2025 00:15:23.682] [Server thread/INFO] [ping-wheel/]: Channel update: nazcke -> default
[22Jun2025 00:15:23.682] [Server thread/INFO] [voicechat/]: [voicechat] Received secret request of nazcke (18)
[22Jun2025 00:15:23.684] [Server thread/INFO] [voicechat/]: [voicechat] Sent secret to nazcke
[22Jun2025 00:15:23.896] [VoiceChatPacketProcessingThread/INFO] [voicechat/]: [voicechat] Successfully authenticated player b2e87569-e9d8-3dfa-9b6f-494f26717468
[22Jun2025 00:15:24.897] [VoiceChatPacketProcessingThread/INFO] [voicechat/]: [voicechat] Successfully validated connection of player b2e87569-e9d8-3dfa-9b6f-494f26717468
[22Jun2025 00:15:24.898] [VoiceChatPacketProcessingThread/INFO] [voicechat/]: [voicechat] Player nazcke (b2e87569-e9d8-3dfa-9b6f-494f26717468) successfully connected to voice chat
[22Jun2025 00:15:29.268] [Server thread/INFO] [net.minecraft.server.MinecraftServer/]: [nazcke: Teleported nazcke to WooZiMu_]
[22Jun2025 00:15:31.631] [Server thread/INFO] [net.minecraft.server.MinecraftServer/]: [nazcke: Teleported nazcke to WooZiMu_]
[22Jun2025 00:16:23.411] [Server thread/INFO] [net.minecraft.server.network.ServerGamePacketListenerImpl/]: WooZiMu_ lost connection: Disconnected
[22Jun2025 00:16:23.412] [Server thread/INFO] [net.minecraft.server.MinecraftServer/]: WooZiMu_ left the game
[22Jun2025 00:16:23.412] [Server thread/INFO] [voicechat/]: [voicechat] Disconnecting client WooZiMu_
[22Jun2025 00:16:23.420] [Server thread/INFO] [net.minecraft.server.network.ServerGamePacketListenerImpl/]: nazcke lost connection: Disconnected
[22Jun2025 00:16:23.420] [Server thread/INFO] [net.minecraft.server.MinecraftServer/]: nazcke left the game
[22Jun2025 00:16:23.421] [Server thread/INFO] [voicechat/]: [voicechat] Disconnecting client nazcke
[22Jun2025 00:17:23.406] [Server thread/INFO] [net.minecraft.server.MinecraftServer/]: Server empty for 60 seconds, pausing
[22Jun2025 00:38:58.057] [Server thread/INFO] [net.minecraft.server.MinecraftServer/]: Stopping the server
[22Jun2025 00:38:58.108] [Server thread/INFO] [atomicstryker.multimine.common.MultiMine/]: MultiMine ServerStoppingEvent
[22Jun2025 00:38:58.111] [Server thread/INFO] [net.minecraft.server.MinecraftServer/]: Stopping server
[22Jun2025 00:38:58.112] [Server thread/INFO] [net.minecraft.server.MinecraftServer/]: Saving players
[22Jun2025 00:38:58.112] [Server thread/INFO] [net.minecraft.server.MinecraftServer/]: Saving worlds
[22Jun2025 00:38:58.148] [Server thread/INFO] [net.minecraft.server.MinecraftServer/]: Saving chunks for level 'ServerLevel[world]'/minecraft:overworld
[22Jun2025 00:38:58.164] [Server thread/INFO] [net.minecraft.server.MinecraftServer/]: Saving chunks for level 'ServerLevel[world]'/minecraft:the_nether
[22Jun2025 00:38:58.167] [Server thread/INFO] [net.minecraft.server.MinecraftServer/]: Saving chunks for level 'ServerLevel[world]'/minecraft:the_end
[22Jun2025 00:38:58.191] [Server thread/INFO] [net.minecraft.server.MinecraftServer/]: ThreadedAnvilChunkStorage (world): All chunks are saved
[22Jun2025 00:38:58.191] [Server thread/INFO] [net.minecraft.server.MinecraftServer/]: ThreadedAnvilChunkStorage (DIM-1): All chunks are saved
[22Jun2025 00:38:58.191] [Server thread/INFO] [net.minecraft.server.MinecraftServer/]: ThreadedAnvilChunkStorage (DIM1): All chunks are saved
[22Jun2025 00:38:58.192] [Server thread/INFO] [net.minecraft.server.MinecraftServer/]: ThreadedAnvilChunkStorage: All dimensions are saved
